Base path: /Applications/Unity/Unity.app/Contents
Pipe name: \\.\pipe\UnityShaderCompiler-64bit-1-2070204416
Cmd: getPlatforms
Cmd: preprocess
  insize=2317 outsize=849 ok=1
Cmd: compileSnippet
  api=0 type=0 insize=1770 outsize=1334 kw= pd= ok=1
Cmd: compileSnippet
  api=0 type=1 insize=1770 outsize=6 kw= pd= ok=1
Cmd: preprocess
  insize=1571 outsize=492 ok=1
Cmd: compileSnippet
  api=0 type=0 insize=1381 outsize=1084 kw= pd= ok=1
Cmd: compileSnippet
  api=0 type=1 insize=1381 outsize=6 kw= pd= ok=1
Cmd: preprocess
  insize=2330 outsize=478 ok=1
Cmd: compileSnippet
  api=0 type=0 insize=2154 outsize=1818 kw= pd= ok=1
Cmd: compileSnippet
  api=0 type=1 insize=2154 outsize=6 kw= pd= ok=1
Cmd: preprocess
  insize=1964 outsize=478 ok=1
Cmd: compileSnippet
  api=0 type=0 insize=1788 outsize=1320 kw= pd= ok=1
Cmd: compileSnippet
  api=0 type=1 insize=1788 outsize=6 kw= pd= ok=1
Cmd: preprocess
  insize=2450 outsize=535 ok=1
Cmd: compileSnippet
  api=0 type=0 insize=2219 outsize=1886 kw= pd= ok=1
Cmd: compileSnippet
  api=0 type=1 insize=2219 outsize=6 kw= pd= ok=1
Cmd: preprocess
  insize=2083 outsize=533 ok=1
Cmd: compileSnippet
  api=0 type=0 insize=1852 outsize=1380 kw= pd= ok=1
Cmd: compileSnippet
  api=0 type=1 insize=1852 outsize=6 kw= pd= ok=1
Cmd: preprocess
  insize=1404 outsize=609 ok=1
Cmd: compileSnippet
  api=0 type=0 insize=1097 outsize=789 kw= pd= ok=1
Cmd: compileSnippet
  api=0 type=1 insize=1097 outsize=6 kw= pd= ok=1
Cmd: preprocess
  insize=1452 outsize=830 ok=1
Cmd: compileSnippet
  api=0 type=0 insize=924 outsize=495 kw= pd= ok=1
Cmd: compileSnippet
  api=0 type=1 insize=924 outsize=6 kw= pd= ok=1
Cmd: preprocess
  insize=1503 outsize=625 ok=1
Cmd: compileSnippet
  api=0 type=0 insize=1179 outsize=846 kw= pd= ok=1
Cmd: compileSnippet
  api=0 type=1 insize=1179 outsize=6 kw= pd= ok=1
Cmd: preprocess
  insize=2684 outsize=849 ok=1
Cmd: compileSnippet
  api=0 type=0 insize=2137 outsize=1832 kw= pd= ok=1
Cmd: compileSnippet
  api=0 type=1 insize=2137 outsize=6 kw= pd= ok=1
Cmd: preprocess
  insize=1560 outsize=533 ok=1
Cmd: compileSnippet
  api=0 type=0 insize=1329 outsize=907 kw= pd= ok=1
Cmd: compileSnippet
  api=0 type=1 insize=1329 outsize=6 kw= pd= ok=1
Cmd: preprocess
  insize=1428 outsize=478 ok=1
Cmd: compileSnippet
  api=0 type=0 insize=1252 outsize=828 kw= pd= ok=1
Cmd: compileSnippet
  api=0 type=1 insize=1252 outsize=6 kw= pd= ok=1
Cmd: preprocess
  insize=1784 outsize=847 ok=1
Cmd: compileSnippet
  api=0 type=0 insize=1237 outsize=844 kw= pd= ok=1
Cmd: compileSnippet
  api=0 type=1 insize=1237 outsize=6 kw= pd= ok=1
Cmd: preprocess
  insize=2474 outsize=494 ok=1
Cmd: compileSnippet
  api=0 type=0 insize=2284 outsize=2072 kw= pd= ok=1
Cmd: compileSnippet
  api=0 type=1 insize=2284 outsize=6 kw= pd= ok=1
Cmd: preprocess
  insize=1465 outsize=506 ok=1
Cmd: compileSnippet
  api=0 type=0 insize=1260 outsize=1021 kw= pd= ok=1
Cmd: compileSnippet
  api=0 type=1 insize=1260 outsize=6 kw= pd= ok=1
Cmd: preprocess
  insize=1414 outsize=840 ok=1
Cmd: compileSnippet
  api=0 type=0 insize=876 outsize=429 kw= pd= ok=1
Cmd: compileSnippet
  api=0 type=1 insize=876 outsize=6 kw= pd= ok=1
Cmd: preprocess
  insize=1464 outsize=884 ok=1
Cmd: compileSnippet
  api=0 type=0 insize=882 outsize=429 kw= pd= ok=1
Cmd: compileSnippet
  api=0 type=1 insize=882 outsize=6 kw= pd= ok=1
Cmd: preprocess
  insize=1287 outsize=490 ok=1
Cmd: compileSnippet
  api=0 type=0 insize=1099 outsize=752 kw= pd= ok=1
Cmd: compileSnippet
  api=0 type=1 insize=1099 outsize=6 kw= pd= ok=1
Cmd: preprocess
  insize=1232 outsize=482 ok=1
Cmd: compileSnippet
  api=0 type=0 insize=1051 outsize=751 kw= pd= ok=1
Cmd: compileSnippet
  api=0 type=1 insize=1051 outsize=6 kw= pd= ok=1
Cmd: preprocess
  insize=2107 outsize=491 ok=1
Cmd: compileSnippet
  api=0 type=0 insize=1917 outsize=1574 kw= pd= ok=1
Cmd: compileSnippet
  api=0 type=1 insize=1917 outsize=6 kw= pd= ok=1
Cmd: compileSnippet
  api=0 type=0 insize=13030 outsize=6315 kw=UNITY_COLORSPACE_GAMMA _SUNDISK_SIMPLE pd= ok=1
Cmd: compileSnippet
  api=0 type=1 insize=13030 outsize=6 kw=UNITY_COLORSPACE_GAMMA _SUNDISK_SIMPLE pd= ok=1
End of pipe

Quitting shader compiler process
